<?xml version="1.0" encoding="UTF-8"?>
<testsuite xmlns:xsi="http://www.w3.org/2001/XMLSchema-instance" xsi:noNamespaceSchemaLocation="https://maven.apache.org/surefire/maven-surefire-plugin/xsd/surefire-test-report-3.0.xsd" version="3.0" name="app.UnitTest" time="0.011" tests="1" errors="0" skipped="0" failures="1">
  <properties>
    <property name="jooby.useShutdownHook" value="false"/>
    <property name="java.specification.version" value="14"/>
    <property name="sun.cpu.isalist" value="amd64"/>
    <property name="sun.jnu.encoding" value="GBK"/>
    <property name="java.class.path" value="C:\Users\Administrator\Downloads\jooby-cli-2.8.9\bin\myapp\target\test-classes;C:\Users\Administrator\Downloads\jooby-cli-2.8.9\bin\myapp\target\classes;C:\Users\Administrator\.m2\repository\io\jooby\jooby-netty\2.8.9\jooby-netty-2.8.9.jar;C:\Users\Administrator\.m2\repository\io\jooby\jooby\2.8.9\jooby-2.8.9.jar;C:\Users\Administrator\.m2\repository\com\google\code\findbugs\jsr305\3.0.2\jsr305-3.0.2.jar;C:\Users\Administrator\.m2\repository\javax\inject\javax.inject\1\javax.inject-1.jar;C:\Users\Administrator\.m2\repository\com\typesafe\config\1.4.0\config-1.4.0.jar;C:\Users\Administrator\.m2\repository\io\netty\netty-handler\4.1.50.Final\netty-handler-4.1.50.Final.jar;C:\Users\Administrator\.m2\repository\io\netty\netty-common\4.1.50.Final\netty-common-4.1.50.Final.jar;C:\Users\Administrator\.m2\repository\io\netty\netty-resolver\4.1.50.Final\netty-resolver-4.1.50.Final.jar;C:\Users\Administrator\.m2\repository\io\netty\netty-buffer\4.1.50.Final\netty-buffer-4.1.50.Final.jar;C:\Users\Administrator\.m2\repository\io\netty\netty-transport\4.1.50.Final\netty-transport-4.1.50.Final.jar;C:\Users\Administrator\.m2\repository\io\netty\netty-codec\4.1.50.Final\netty-codec-4.1.50.Final.jar;C:\Users\Administrator\.m2\repository\io\netty\netty-codec-http\4.1.50.Final\netty-codec-http-4.1.50.Final.jar;C:\Users\Administrator\.m2\repository\ch\qos\logback\logback-classic\1.2.3\logback-classic-1.2.3.jar;C:\Users\Administrator\.m2\repository\ch\qos\logback\logback-core\1.2.3\logback-core-1.2.3.jar;C:\Users\Administrator\.m2\repository\org\slf4j\slf4j-api\1.7.30\slf4j-api-1.7.30.jar;C:\Users\Administrator\.m2\repository\org\junit\jupiter\junit-jupiter-api\5.6.2\junit-jupiter-api-5.6.2.jar;C:\Users\Administrator\.m2\repository\org\apiguardian\apiguardian-api\1.1.0\apiguardian-api-1.1.0.jar;C:\Users\Administrator\.m2\repository\org\opentest4j\opentest4j\1.2.0\opentest4j-1.2.0.jar;C:\Users\Administrator\.m2\repository\org\junit\platform\junit-platform-commons\1.6.2\junit-platform-commons-1.6.2.jar;C:\Users\Administrator\.m2\repository\org\junit\jupiter\junit-jupiter-engine\5.6.2\junit-jupiter-engine-5.6.2.jar;C:\Users\Administrator\.m2\repository\org\junit\platform\junit-platform-engine\1.6.2\junit-platform-engine-1.6.2.jar;C:\Users\Administrator\.m2\repository\io\jooby\jooby-test\2.8.9\jooby-test-2.8.9.jar;C:\Users\Administrator\.m2\repository\com\squareup\okhttp3\okhttp\4.7.2\okhttp-4.7.2.jar;C:\Users\Administrator\.m2\repository\com\squareup\okio\okio\2.6.0\okio-2.6.0.jar;C:\Users\Administrator\.m2\repository\org\jetbrains\kotlin\kotlin-stdlib-common\1.3.70\kotlin-stdlib-common-1.3.70.jar;C:\Users\Administrator\.m2\repository\org\jetbrains\kotlin\kotlin-stdlib\1.3.72\kotlin-stdlib-1.3.72.jar;C:\Users\Administrator\.m2\repository\org\jetbrains\annotations\13.0\annotations-13.0.jar;"/>
    <property name="java.vm.vendor" value="Oracle Corporation"/>
    <property name="sun.arch.data.model" value="64"/>
    <property name="user.variant" value=""/>
    <property name="java.vendor.url" value="https://java.oracle.com/"/>
    <property name="user.timezone" value="Asia/Shanghai"/>
    <property name="io.netty.leakDetection.level" value="disabled"/>
    <property name="os.name" value="Windows 10"/>
    <property name="java.vm.specification.version" value="14"/>
    <property name="sun.java.launcher" value="SUN_STANDARD"/>
    <property name="user.country" value="CN"/>
    <property name="sun.boot.library.path" value="C:\Users\Administrator\.jdks\openjdk-14.0.1\bin"/>
    <property name="sun.java.command" value="C:\Users\Administrator\AppData\Local\Temp\surefire2512678018521376571\surefirebooter17465115274285671852.jar C:\Users\Administrator\AppData\Local\Temp\surefire2512678018521376571 2020-07-16T20-23-11_233-jvmRun1 surefire11005020306748421268tmp surefire_012194345746817387902tmp"/>
    <property name="jdk.debug" value="release"/>
    <property name="surefire.test.class.path" value="C:\Users\Administrator\Downloads\jooby-cli-2.8.9\bin\myapp\target\test-classes;C:\Users\Administrator\Downloads\jooby-cli-2.8.9\bin\myapp\target\classes;C:\Users\Administrator\.m2\repository\io\jooby\jooby-netty\2.8.9\jooby-netty-2.8.9.jar;C:\Users\Administrator\.m2\repository\io\jooby\jooby\2.8.9\jooby-2.8.9.jar;C:\Users\Administrator\.m2\repository\com\google\code\findbugs\jsr305\3.0.2\jsr305-3.0.2.jar;C:\Users\Administrator\.m2\repository\javax\inject\javax.inject\1\javax.inject-1.jar;C:\Users\Administrator\.m2\repository\com\typesafe\config\1.4.0\config-1.4.0.jar;C:\Users\Administrator\.m2\repository\io\netty\netty-handler\4.1.50.Final\netty-handler-4.1.50.Final.jar;C:\Users\Administrator\.m2\repository\io\netty\netty-common\4.1.50.Final\netty-common-4.1.50.Final.jar;C:\Users\Administrator\.m2\repository\io\netty\netty-resolver\4.1.50.Final\netty-resolver-4.1.50.Final.jar;C:\Users\Administrator\.m2\repository\io\netty\netty-buffer\4.1.50.Final\netty-buffer-4.1.50.Final.jar;C:\Users\Administrator\.m2\repository\io\netty\netty-transport\4.1.50.Final\netty-transport-4.1.50.Final.jar;C:\Users\Administrator\.m2\repository\io\netty\netty-codec\4.1.50.Final\netty-codec-4.1.50.Final.jar;C:\Users\Administrator\.m2\repository\io\netty\netty-codec-http\4.1.50.Final\netty-codec-http-4.1.50.Final.jar;C:\Users\Administrator\.m2\repository\ch\qos\logback\logback-classic\1.2.3\logback-classic-1.2.3.jar;C:\Users\Administrator\.m2\repository\ch\qos\logback\logback-core\1.2.3\logback-core-1.2.3.jar;C:\Users\Administrator\.m2\repository\org\slf4j\slf4j-api\1.7.30\slf4j-api-1.7.30.jar;C:\Users\Administrator\.m2\repository\org\junit\jupiter\junit-jupiter-api\5.6.2\junit-jupiter-api-5.6.2.jar;C:\Users\Administrator\.m2\repository\org\apiguardian\apiguardian-api\1.1.0\apiguardian-api-1.1.0.jar;C:\Users\Administrator\.m2\repository\org\opentest4j\opentest4j\1.2.0\opentest4j-1.2.0.jar;C:\Users\Administrator\.m2\repository\org\junit\platform\junit-platform-commons\1.6.2\junit-platform-commons-1.6.2.jar;C:\Users\Administrator\.m2\repository\org\junit\jupiter\junit-jupiter-engine\5.6.2\junit-jupiter-engine-5.6.2.jar;C:\Users\Administrator\.m2\repository\org\junit\platform\junit-platform-engine\1.6.2\junit-platform-engine-1.6.2.jar;C:\Users\Administrator\.m2\repository\io\jooby\jooby-test\2.8.9\jooby-test-2.8.9.jar;C:\Users\Administrator\.m2\repository\com\squareup\okhttp3\okhttp\4.7.2\okhttp-4.7.2.jar;C:\Users\Administrator\.m2\repository\com\squareup\okio\okio\2.6.0\okio-2.6.0.jar;C:\Users\Administrator\.m2\repository\org\jetbrains\kotlin\kotlin-stdlib-common\1.3.70\kotlin-stdlib-common-1.3.70.jar;C:\Users\Administrator\.m2\repository\org\jetbrains\kotlin\kotlin-stdlib\1.3.72\kotlin-stdlib-1.3.72.jar;C:\Users\Administrator\.m2\repository\org\jetbrains\annotations\13.0\annotations-13.0.jar;"/>
    <property name="application.package" value="app"/>
    <property name="sun.cpu.endian" value="little"/>
    <property name="user.home" value="C:\Users\Administrator"/>
    <property name="user.language" value="zh"/>
    <property name="java.specification.vendor" value="Oracle Corporation"/>
    <property name="java.version.date" value="2020-04-14"/>
    <property name="java.home" value="C:\Users\Administrator\.jdks\openjdk-14.0.1"/>
    <property name="file.separator" value="\"/>
    <property name="basedir" value="C:\Users\Administrator\Downloads\jooby-cli-2.8.9\bin\myapp"/>
    <property name="java.vm.compressedOopsMode" value="Zero based"/>
    <property name="line.separator" value="&#10;"/>
    <property name="java.vm.specification.vendor" value="Oracle Corporation"/>
    <property name="java.specification.name" value="Java Platform API Specification"/>
    <property name="idea.version2020.1.1" value="true"/>
    <property name="surefire.real.class.path" value="C:\Users\Administrator\AppData\Local\Temp\surefire2512678018521376571\surefirebooter17465115274285671852.jar"/>
    <property name="logback.configurationFile" value="C:\Users\Administrator\Downloads\jooby-cli-2.8.9\bin\myapp\conf\logback.xml"/>
    <property name="user.script" value=""/>
    <property name="sun.management.compiler" value="HotSpot 64-Bit Tiered Compilers"/>
    <property name="java.runtime.version" value="14.0.1+7"/>
    <property name="user.name" value="Administrator"/>
    <property name="path.separator" value=";"/>
    <property name="os.version" value="10.0"/>
    <property name="java.runtime.name" value="OpenJDK Runtime Environment"/>
    <property name="file.encoding" value="GBK"/>
    <property name="application.env" value="test"/>
    <property name="sun.nio.ch.bugLevel" value=""/>
    <property name="java.vm.name" value="OpenJDK 64-Bit Server VM"/>
    <property name="localRepository" value="C:\Users\Administrator\.m2\repository"/>
    <property name="java.vendor.url.bug" value="https://bugreport.java.com/bugreport/"/>
    <property name="java.io.tmpdir" value="C:\Users\ADMINI~1\AppData\Local\Temp\"/>
    <property name="java.version" value="14.0.1"/>
    <property name="user.dir" value="C:\Users\Administrator\Downloads\jooby-cli-2.8.9\bin\myapp"/>
    <property name="os.arch" value="amd64"/>
    <property name="java.vm.specification.name" value="Java Virtual Machine Specification"/>
    <property name="PID" value="15872"/>
    <property name="sun.os.patch.level" value=""/>
    <property name="java.library.path" value="C:\Users\Administrator\.jdks\openjdk-14.0.1\bin;C:\Windows\Sun\Java\bin;C:\Windows\system32;C:\Windows;E:\Xshell 6\;E:\Xftp 6\;C:\Windows\system32;C:\Windows;C:\Windows\System32\Wbem;C:\Windows\System32\WindowsPowerShell\v1.0\;C:\Program Files (x86)\NVIDIA Corporation\PhysX\Common;C:\Program Files\NVIDIA Corporation\NVIDIA NvDLISR;E:\nodejs\;E:\Git\bin;C:\Users\Administrator\AppData\Local\Yarn\bin;C:\Windows\System32\OpenSSH\;C:\Program Files\Microsoft SQL Server\130\Tools\Binn\;C:\Program Files\Microsoft SQL Server\Client SDK\ODBC\170\Tools\Binn\;C:\Program Files\dotnet\;C:\Program Files (x86)\dotnet\;C:\Users\Administrator\AppData\Local\Microsoft\WindowsApps;;C:\Users\Administrator\AppData\Local\Programs\Microsoft VS Code\bin;C:\Users\Administrator\AppData\Roaming\npm;C:\Users\Administrator\.dotnet\tools;."/>
    <property name="java.vm.info" value="mixed mode, sharing"/>
    <property name="java.vendor" value="Oracle Corporation"/>
    <property name="java.vm.version" value="14.0.1+7"/>
    <property name="sun.io.unicode.encoding" value="UnicodeLittle"/>
    <property name="java.class.version" value="58.0"/>
  </properties>
  <testcase name="welcome" classname="app.UnitTest" time="0.01">
    <failure type="org.opentest4j.AssertionFailedError"><![CDATA[org.opentest4j.AssertionFailedError: expected: <Welcome to Jooby!> but was: <Welcome to Booby !1>
	at app.UnitTest.lambda$welcome$0(UnitTest.java:14)
	at app.UnitTest.welcome(UnitTest.java:13)
]]></failure>
  </testcase>
</testsuite>